<?xml version="1.0" encoding="UTF-8"?>
<!-- Generated by org.testng.reporters.JUnitReportReporter -->
<testsuite skipped="0" hostname="DESKTOP-QU45OGR" name="org.basic.AdactinTaskUsingTestNg" tests="4" failures="0" timestamp="06 May 2022 12:42:08 GMT" time="26.923" errors="0">
  <testcase name="tc0" time="17.533" classname="org.basic.AdactinTaskUsingTestNg"/>
  <testcase name="tc2" time="4.260" classname="org.basic.AdactinTaskUsingTestNg"/>
  <testcase name="tc1" time="3.640" classname="org.basic.AdactinTaskUsingTestNg"/>
  <testcase name="tc3" time="1.490" classname="org.basic.AdactinTaskUsingTestNg"/>
</testsuite> <!-- org.basic.AdactinTaskUsingTestNg -->
