<?xml version="1.0" encoding="UTF-8"?>
<!-- Generated by org.testng.reporters.JUnitReportReporter -->
<testsuite skipped="0" hostname="DESKTOP-QU45OGR" name="org.basic.JunitProgram" tests="1" failures="0" timestamp="03 May 2022 07:52:42 GMT" time="0.040" errors="0">
  <testcase name="tc3" time="0.040" classname="org.basic.JunitProgram"/>
</testsuite> <!-- org.basic.JunitProgram -->
