<?xml version="1.0" encoding="UTF-8"?>
<!-- Generated by org.testng.reporters.JUnitReportReporter -->
<testsuite skipped="0" hostname="DESKTOP-QU45OGR" name="org.basic.TestingMaven" tests="2" failures="0" timestamp="27 Apr 2022 13:31:29 GMT" time="0.056" errors="0">
  <testcase name="tc2" time="0.015" classname="org.basic.TestingMaven"/>
  <testcase name="tc1" time="0.041" classname="org.basic.TestingMaven"/>
</testsuite> <!-- org.basic.TestingMaven -->
