<?xml version="1.0" encoding="UTF-8"?>
<!-- Generated by org.testng.reporters.JUnitReportReporter -->
<testsuite skipped="1" hostname="DESKTOP-QU45OGR" name="org.basic.TestngProgram" tests="3" failures="0" timestamp="05 May 2022 09:37:11 GMT" time="0.038" errors="0">
  <testcase name="tc02" time="0.035" classname="org.basic.TestngProgram"/>
  <testcase name="tc0" time="0.003" classname="org.basic.TestngProgram"/>
  <testcase name="tc01" classname="org.basic.TestngProgram">
    <skipped/>
  </testcase> <!-- tc01 -->
</testsuite> <!-- org.basic.TestngProgram -->
