<?xml version="1.0" encoding="UTF-8"?>
<!-- Generated by org.testng.reporters.JUnitReportReporter -->
<testsuite skipped="0" hostname="DESKTOP-QU45OGR" name="org.basic.TestngDataProvider" tests="3" failures="0" timestamp="06 May 2022 12:01:32 GMT" time="26.347" errors="0">
  <testcase name="tc01" time="7.007" classname="org.basic.TestngDataProvider"/>
  <testcase name="tc01" time="11.487" classname="org.basic.TestngDataProvider"/>
  <testcase name="tc01" time="7.853" classname="org.basic.TestngDataProvider"/>
</testsuite> <!-- org.basic.TestngDataProvider -->
